<?xml version="1.0" encoding="UTF-8"?>
<!-- Generated by org.testng.reporters.JUnitReportReporter -->
<testsuite skipped="0" hostname="DESKTOP-UR5QI3P" name="Diff_browsers.gecko_driver" tests="1" failures="0" timestamp="23 May 2018 03:47:12 GMT" time="17.630" errors="0">
  <testcase name="browser" time="17.630" classname="Diff_browsers.gecko_driver"/>
</testsuite> <!-- Diff_browsers.gecko_driver -->
