<?xml version="1.0" encoding="UTF-8"?>
<!-- Generated by org.testng.reporters.JUnitReportReporter -->
<testsuite skipped="0" hostname="DESKTOP-UR5QI3P" name="Sikuli.sikul" tests="1" failures="0" timestamp="18 Jun 2018 04:45:14 GMT" time="12.294" errors="0">
  <testcase name="sikuli" time="12.294" classname="Sikuli.sikul"/>
</testsuite> <!-- Sikuli.sikul -->
