<?xml version="1.0" encoding="UTF-8"?>
<!-- Generated by org.testng.reporters.JUnitReportReporter -->
<testsuite skipped="0" hostname="DESKTOP-UR5QI3P" name="Sikuli.sikul" tests="1" failures="0" timestamp="02 Jul 2018 10:22:16 GMT" time="23.268" errors="0">
  <testcase name="sikuli" time="23.268" classname="Sikuli.sikul"/>
</testsuite> <!-- Sikuli.sikul -->
