<?xml version="1.0" encoding="UTF-8"?>
<!-- Generated by org.testng.reporters.JUnitReportReporter -->
<testsuite skipped="0" hostname="vinayrentals-PC" name="Frameworks.testexecution" tests="2" failures="0" timestamp="14 Feb 2018 11:19:54 GMT" time="35.524" errors="0">
  <testcase name="account" time="12.880" classname="Frameworks.testexecution"/>
  <testcase name="login" time="22.644" classname="Frameworks.testexecution"/>
</testsuite> <!-- Frameworks.testexecution -->
