<?xml version="1.0" encoding="UTF-8"?>
<!-- Generated by org.testng.reporters.JUnitReportReporter -->
<testsuite skipped="0" hostname="DESKTOP-UR5QI3P" name="Diff_browsers.gecko_driver" tests="1" failures="0" timestamp="17 May 2018 04:27:09 GMT" time="11.171" errors="0">
  <testcase name="browser" time="11.171" classname="Diff_browsers.gecko_driver"/>
</testsuite> <!-- Diff_browsers.gecko_driver -->
