<?xml version="1.0" encoding="UTF-8"?>
<!-- Generated by org.testng.reporters.JUnitReportReporter -->
<testsuite skipped="0" hostname="LAPTOP-GTMO8ORQ" name="FrameworkFB.testexecution" tests="2" failures="0" timestamp="14 Mar 2018 10:01:38 GMT" time="50.882" errors="0">
  <testcase name="account" time="11.661" classname="FrameworkFB.testexecution"/>
  <testcase name="login" time="39.221" classname="FrameworkFB.testexecution"/>
</testsuite> <!-- FrameworkFB.testexecution -->
